 2012-05-28 14:07:57  更新版本到 最新版本:beta 3
 2012-05-28 14:07:57  系统找不到指定的文件。 E:\Projects\Invengo.AutoUpdate\bin\RFID Demo.exe
 2012-05-28 14:10:49  更新版本到 最新版本:beta 3
 2012-05-28 14:10:49  系统找不到指定的文件。 E:\Projects\Invengo.AutoUpdate\bin\RFID Demo.exe
 2012-05-31 13:28:06  系统找不到指定的文件。 E:\Projects\Invengo.AutoUpdate\bin\RFID Demo.exe
 2012-05-31 13:28:49  更新版本到 最新版本:beta 3
 2012-05-31 13:28:49  系统找不到指定的文件。 E:\Projects\Invengo.AutoUpdate\bin\RFID Demo.exe
 2012-07-06 14:19:54  fail to check the update ！无法连接到远程服务器
 2012-07-06 14:20:01  fail to check the update ！无法连接到远程服务器
 2012-07-16 16:01:42  fail to check the update ！无法连接到远程服务器
 2012-07-16 16:03:59  fail to check the update ！无法连接到远程服务器
 2012-07-16 16:06:42  fail to check the update ！无法连接到远程服务器
 2012-07-16 16:24:48  fail to check the update ！无法连接到远程服务器
 2012-07-16 16:24:54  fail to check the update ！无法连接到远程服务器
 2012-07-16 17:13:43  fail to check the update ！无法连接到远程服务器
 2012-07-16 17:15:55  检查更新失败！无法连接到远程服务器
 2012-07-16 17:16:09  fail to check the update !无法连接到远程服务器
 2012-07-16 17:16:38  fail to check the update !无法连接到远程服务器
 2012-07-16 17:20:09  fail to check the update !无法连接到远程服务器
 2016-03-03 14:14:38  检查更新失败！无法连接到远程服务器
